13:51:29.31 [main] INFO  api.test.UserTests - ********** Creating User **********
13:51:32.884 [main] INFO  api.test.UserTests - ********** User is created **********
13:51:32.911 [main] INFO  api.test.UserTests - ********** Reading User Info **********
13:51:34.575 [main] INFO  api.test.UserTests - ********** User Info is displayed **********
13:51:34.647 [main] INFO  api.test.UserTests - ********** Updating User **********
13:51:36.189 [main] INFO  api.test.UserTests - ********** User is updated **********
13:51:37.809 [main] INFO  api.test.UserTests - ********** Deleting User **********
13:51:39.407 [main] INFO  api.test.UserTests - ********** User deleted **********
13:53:25.521 [main] INFO  api.test.UserTests - ********** Creating User **********
13:53:28.960 [main] INFO  api.test.UserTests - ********** User is created **********
13:53:29.04 [main] INFO  api.test.UserTests - ********** Reading User Info **********
13:53:30.626 [main] INFO  api.test.UserTests - ********** User Info is displayed **********
13:53:30.681 [main] INFO  api.test.UserTests - ********** Updating User **********
13:53:32.259 [main] INFO  api.test.UserTests - ********** User is updated **********
13:53:33.795 [main] INFO  api.test.UserTests - ********** Deleting User **********
13:53:35.326 [main] INFO  api.test.UserTests - ********** User deleted **********
11:45:18.213 [main] INFO  api.test.UserTests2 - ********** Creating User **********
11:45:21.840 [main] INFO  api.test.UserTests2 - ********** User is created **********
11:45:21.859 [main] INFO  api.test.UserTests2 - ********** Reading User Info **********
11:45:23.447 [main] INFO  api.test.UserTests2 - ********** User Info is displayed **********
11:45:23.535 [main] INFO  api.test.UserTests2 - ********** Updating User **********
11:45:25.96 [main] INFO  api.test.UserTests2 - ********** User is updated **********
11:45:26.662 [main] INFO  api.test.UserTests2 - ********** Deleting User **********
11:45:28.251 [main] INFO  api.test.UserTests2 - ********** User deleted **********
12:36:31.802 [main] INFO  api.test.StoreTests - ********** Creating Store Order **********
12:36:34.573 [main] INFO  api.test.StoreTests - ********** Store Order is created **********
12:36:34.587 [main] INFO  api.test.StoreTests - ********** Reading Store Order Info **********
12:36:35.915 [main] INFO  api.test.StoreTests - ********** Store Order Info is displayed **********
12:36:35.922 [main] INFO  api.test.StoreTests - ********** Deleting Store **********
12:38:22.165 [main] INFO  api.test.StoreTests - ********** Creating Store Order **********
12:38:24.712 [main] INFO  api.test.StoreTests - ********** Store Order is created **********
12:38:24.727 [main] INFO  api.test.StoreTests - ********** Reading Store Order Info **********
12:38:26.53 [main] INFO  api.test.StoreTests - ********** Store Order Info is displayed **********
12:38:26.57 [main] INFO  api.test.StoreTests - ********** Deleting Store **********
12:42:32.744 [main] INFO  api.test.StoreTests - ********** Creating Store Order **********
12:42:35.269 [main] INFO  api.test.StoreTests - ********** Store Order is created **********
12:42:35.284 [main] INFO  api.test.StoreTests - ********** Reading Store Order Info **********
12:42:36.743 [main] INFO  api.test.StoreTests - ********** Store Order Info is displayed **********
12:42:36.756 [main] INFO  api.test.StoreTests - ********** Deleting Store **********
12:42:38.126 [main] INFO  api.test.StoreTests - ********** Store Order deleted **********
13:05:47.618 [main] DEBUG org.apache.poi.openxml4j.opc.PackageRelationshipCollection - Parsing relationship: /xl/_rels/workbook.xml.rels
13:05:47.621 [main] DEBUG org.apache.poi.openxml4j.opc.PackageRelationshipCollection - Parsing relationship: /xl/worksheets/_rels/sheet1.xml.rels
13:05:47.622 [main] DEBUG org.apache.poi.openxml4j.opc.PackageRelationshipCollection - Parsing relationship: /_rels/.rels
13:05:47.892 [main] DEBUG org.apache.poi.ooxml.POIXMLFactory - using default POIXMLDocumentPart for http://schemas.openxmlformats.org/officeDocument/2006/relationships/printerSettings
13:05:47.956 [main] DEBUG org.apache.poi.openxml4j.opc.PackageRelationshipCollection - Parsing relationship: /xl/_rels/workbook.xml.rels
13:05:47.956 [main] DEBUG org.apache.poi.openxml4j.opc.PackageRelationshipCollection - Parsing relationship: /xl/worksheets/_rels/sheet1.xml.rels
13:05:47.957 [main] DEBUG org.apache.poi.openxml4j.opc.PackageRelationshipCollection - Parsing relationship: /_rels/.rels
13:05:47.964 [main] DEBUG org.apache.poi.ooxml.POIXMLFactory - using default POIXMLDocumentPart for http://schemas.openxmlformats.org/officeDocument/2006/relationships/printerSettings
13:05:47.973 [main] DEBUG org.apache.poi.openxml4j.opc.PackageRelationshipCollection - Parsing relationship: /xl/_rels/workbook.xml.rels
13:05:47.974 [main] DEBUG org.apache.poi.openxml4j.opc.PackageRelationshipCollection - Parsing relationship: /xl/worksheets/_rels/sheet1.xml.rels
13:05:47.974 [main] DEBUG org.apache.poi.openxml4j.opc.PackageRelationshipCollection - Parsing relationship: /_rels/.rels
13:05:47.984 [main] DEBUG org.apache.poi.ooxml.POIXMLFactory - using default POIXMLDocumentPart for http://schemas.openxmlformats.org/officeDocument/2006/relationships/printerSettings
13:05:48.05 [main] DEBUG org.apache.poi.openxml4j.opc.PackageRelationshipCollection - Parsing relationship: /xl/_rels/workbook.xml.rels
13:05:48.06 [main] DEBUG org.apache.poi.openxml4j.opc.PackageRelationshipCollection - Parsing relationship: /xl/worksheets/_rels/sheet1.xml.rels
13:05:48.06 [main] DEBUG org.apache.poi.openxml4j.opc.PackageRelationshipCollection - Parsing relationship: /_rels/.rels
13:05:48.11 [main] DEBUG org.apache.poi.ooxml.POIXMLFactory - using default POIXMLDocumentPart for http://schemas.openxmlformats.org/officeDocument/2006/relationships/printerSettings
13:05:48.20 [main] DEBUG org.apache.poi.openxml4j.opc.PackageRelationshipCollection - Parsing relationship: /xl/_rels/workbook.xml.rels
13:05:48.21 [main] DEBUG org.apache.poi.openxml4j.opc.PackageRelationshipCollection - Parsing relationship: /xl/worksheets/_rels/sheet1.xml.rels
13:05:48.22 [main] DEBUG org.apache.poi.openxml4j.opc.PackageRelationshipCollection - Parsing relationship: /_rels/.rels
13:05:48.27 [main] DEBUG org.apache.poi.ooxml.POIXMLFactory - using default POIXMLDocumentPart for http://schemas.openxmlformats.org/officeDocument/2006/relationships/printerSettings
13:05:48.34 [main] DEBUG org.apache.poi.openxml4j.opc.PackageRelationshipCollection - Parsing relationship: /xl/_rels/workbook.xml.rels
13:05:48.34 [main] DEBUG org.apache.poi.openxml4j.opc.PackageRelationshipCollection - Parsing relationship: /xl/worksheets/_rels/sheet1.xml.rels
13:05:48.35 [main] DEBUG org.apache.poi.openxml4j.opc.PackageRelationshipCollection - Parsing relationship: /_rels/.rels
13:05:48.40 [main] DEBUG org.apache.poi.ooxml.POIXMLFactory - using default POIXMLDocumentPart for http://schemas.openxmlformats.org/officeDocument/2006/relationships/printerSettings
13:05:48.50 [main] DEBUG org.apache.poi.openxml4j.opc.PackageRelationshipCollection - Parsing relationship: /xl/_rels/workbook.xml.rels
13:05:48.51 [main] DEBUG org.apache.poi.openxml4j.opc.PackageRelationshipCollection - Parsing relationship: /xl/worksheets/_rels/sheet1.xml.rels
13:05:48.51 [main] DEBUG org.apache.poi.openxml4j.opc.PackageRelationshipCollection - Parsing relationship: /_rels/.rels
13:05:48.57 [main] DEBUG org.apache.poi.ooxml.POIXMLFactory - using default POIXMLDocumentPart for http://schemas.openxmlformats.org/officeDocument/2006/relationships/printerSettings
13:05:48.65 [main] DEBUG org.apache.poi.openxml4j.opc.PackageRelationshipCollection - Parsing relationship: /xl/_rels/workbook.xml.rels
13:05:48.66 [main] DEBUG org.apache.poi.openxml4j.opc.PackageRelationshipCollection - Parsing relationship: /xl/worksheets/_rels/sheet1.xml.rels
13:05:48.66 [main] DEBUG org.apache.poi.openxml4j.opc.PackageRelationshipCollection - Parsing relationship: /_rels/.rels
13:05:48.71 [main] DEBUG org.apache.poi.ooxml.POIXMLFactory - using default POIXMLDocumentPart for http://schemas.openxmlformats.org/officeDocument/2006/relationships/printerSettings
13:05:48.78 [main] DEBUG org.apache.poi.openxml4j.opc.PackageRelationshipCollection - Parsing relationship: /xl/_rels/workbook.xml.rels
13:05:48.78 [main] DEBUG org.apache.poi.openxml4j.opc.PackageRelationshipCollection - Parsing relationship: /xl/worksheets/_rels/sheet1.xml.rels
13:05:48.79 [main] DEBUG org.apache.poi.openxml4j.opc.PackageRelationshipCollection - Parsing relationship: /_rels/.rels
13:05:48.83 [main] DEBUG org.apache.poi.ooxml.POIXMLFactory - using default POIXMLDocumentPart for http://schemas.openxmlformats.org/officeDocument/2006/relationships/printerSettings
13:05:48.89 [main] DEBUG org.apache.poi.openxml4j.opc.PackageRelationshipCollection - Parsing relationship: /xl/_rels/workbook.xml.rels
13:05:48.89 [main] DEBUG org.apache.poi.openxml4j.opc.PackageRelationshipCollection - Parsing relationship: /xl/worksheets/_rels/sheet1.xml.rels
13:05:48.90 [main] DEBUG org.apache.poi.openxml4j.opc.PackageRelationshipCollection - Parsing relationship: /_rels/.rels
13:05:48.94 [main] DEBUG org.apache.poi.ooxml.POIXMLFactory - using default POIXMLDocumentPart for http://schemas.openxmlformats.org/officeDocument/2006/relationships/printerSettings
13:05:48.101 [main] DEBUG org.apache.poi.openxml4j.opc.PackageRelationshipCollection - Parsing relationship: /xl/_rels/workbook.xml.rels
13:05:48.101 [main] DEBUG org.apache.poi.openxml4j.opc.PackageRelationshipCollection - Parsing relationship: /xl/worksheets/_rels/sheet1.xml.rels
13:05:48.101 [main] DEBUG org.apache.poi.openxml4j.opc.PackageRelationshipCollection - Parsing relationship: /_rels/.rels
13:05:48.106 [main] DEBUG org.apache.poi.ooxml.POIXMLFactory - using default POIXMLDocumentPart for http://schemas.openxmlformats.org/officeDocument/2006/relationships/printerSettings
13:05:48.111 [main] DEBUG org.apache.poi.openxml4j.opc.PackageRelationshipCollection - Parsing relationship: /xl/_rels/workbook.xml.rels
13:05:48.112 [main] DEBUG org.apache.poi.openxml4j.opc.PackageRelationshipCollection - Parsing relationship: /xl/worksheets/_rels/sheet1.xml.rels
13:05:48.112 [main] DEBUG org.apache.poi.openxml4j.opc.PackageRelationshipCollection - Parsing relationship: /_rels/.rels
13:05:48.116 [main] DEBUG org.apache.poi.ooxml.POIXMLFactory - using default POIXMLDocumentPart for http://schemas.openxmlformats.org/officeDocument/2006/relationships/printerSettings
13:05:48.121 [main] DEBUG org.apache.poi.openxml4j.opc.PackageRelationshipCollection - Parsing relationship: /xl/_rels/workbook.xml.rels
13:05:48.122 [main] DEBUG org.apache.poi.openxml4j.opc.PackageRelationshipCollection - Parsing relationship: /xl/worksheets/_rels/sheet1.xml.rels
13:05:48.122 [main] DEBUG org.apache.poi.openxml4j.opc.PackageRelationshipCollection - Parsing relationship: /_rels/.rels
13:05:48.126 [main] DEBUG org.apache.poi.ooxml.POIXMLFactory - using default POIXMLDocumentPart for http://schemas.openxmlformats.org/officeDocument/2006/relationships/printerSettings
13:05:48.131 [main] DEBUG org.apache.poi.openxml4j.opc.PackageRelationshipCollection - Parsing relationship: /xl/_rels/workbook.xml.rels
13:05:48.132 [main] DEBUG org.apache.poi.openxml4j.opc.PackageRelationshipCollection - Parsing relationship: /xl/worksheets/_rels/sheet1.xml.rels
13:05:48.132 [main] DEBUG org.apache.poi.openxml4j.opc.PackageRelationshipCollection - Parsing relationship: /_rels/.rels
13:05:48.136 [main] DEBUG org.apache.poi.ooxml.POIXMLFactory - using default POIXMLDocumentPart for http://schemas.openxmlformats.org/officeDocument/2006/relationships/printerSettings
13:05:48.142 [main] DEBUG org.apache.poi.openxml4j.opc.PackageRelationshipCollection - Parsing relationship: /xl/_rels/workbook.xml.rels
13:05:48.142 [main] DEBUG org.apache.poi.openxml4j.opc.PackageRelationshipCollection - Parsing relationship: /xl/worksheets/_rels/sheet1.xml.rels
13:05:48.142 [main] DEBUG org.apache.poi.openxml4j.opc.PackageRelationshipCollection - Parsing relationship: /_rels/.rels
13:05:48.146 [main] DEBUG org.apache.poi.ooxml.POIXMLFactory - using default POIXMLDocumentPart for http://schemas.openxmlformats.org/officeDocument/2006/relationships/printerSettings
13:05:48.152 [main] DEBUG org.apache.poi.openxml4j.opc.PackageRelationshipCollection - Parsing relationship: /xl/_rels/workbook.xml.rels
13:05:48.152 [main] DEBUG org.apache.poi.openxml4j.opc.PackageRelationshipCollection - Parsing relationship: /xl/worksheets/_rels/sheet1.xml.rels
13:05:48.153 [main] DEBUG org.apache.poi.openxml4j.opc.PackageRelationshipCollection - Parsing relationship: /_rels/.rels
13:05:48.156 [main] DEBUG org.apache.poi.ooxml.POIXMLFactory - using default POIXMLDocumentPart for http://schemas.openxmlformats.org/officeDocument/2006/relationships/printerSettings
13:05:48.162 [main] DEBUG org.apache.poi.openxml4j.opc.PackageRelationshipCollection - Parsing relationship: /xl/_rels/workbook.xml.rels
13:05:48.162 [main] DEBUG org.apache.poi.openxml4j.opc.PackageRelationshipCollection - Parsing relationship: /xl/worksheets/_rels/sheet1.xml.rels
13:05:48.162 [main] DEBUG org.apache.poi.openxml4j.opc.PackageRelationshipCollection - Parsing relationship: /_rels/.rels
13:05:48.166 [main] DEBUG org.apache.poi.ooxml.POIXMLFactory - using default POIXMLDocumentPart for http://schemas.openxmlformats.org/officeDocument/2006/relationships/printerSettings
13:05:48.170 [main] DEBUG org.apache.poi.openxml4j.opc.PackageRelationshipCollection - Parsing relationship: /xl/_rels/workbook.xml.rels
13:05:48.171 [main] DEBUG org.apache.poi.openxml4j.opc.PackageRelationshipCollection - Parsing relationship: /xl/worksheets/_rels/sheet1.xml.rels
13:05:48.171 [main] DEBUG org.apache.poi.openxml4j.opc.PackageRelationshipCollection - Parsing relationship: /_rels/.rels
13:05:48.174 [main] DEBUG org.apache.poi.ooxml.POIXMLFactory - using default POIXMLDocumentPart for http://schemas.openxmlformats.org/officeDocument/2006/relationships/printerSettings
13:05:48.183 [main] DEBUG org.apache.poi.openxml4j.opc.PackageRelationshipCollection - Parsing relationship: /xl/_rels/workbook.xml.rels
13:05:48.183 [main] DEBUG org.apache.poi.openxml4j.opc.PackageRelationshipCollection - Parsing relationship: /xl/worksheets/_rels/sheet1.xml.rels
13:05:48.183 [main] DEBUG org.apache.poi.openxml4j.opc.PackageRelationshipCollection - Parsing relationship: /_rels/.rels
13:05:48.188 [main] DEBUG org.apache.poi.ooxml.POIXMLFactory - using default POIXMLDocumentPart for http://schemas.openxmlformats.org/officeDocument/2006/relationships/printerSettings
13:05:48.193 [main] DEBUG org.apache.poi.openxml4j.opc.PackageRelationshipCollection - Parsing relationship: /xl/_rels/workbook.xml.rels
13:05:48.194 [main] DEBUG org.apache.poi.openxml4j.opc.PackageRelationshipCollection - Parsing relationship: /xl/worksheets/_rels/sheet1.xml.rels
13:05:48.194 [main] DEBUG org.apache.poi.openxml4j.opc.PackageRelationshipCollection - Parsing relationship: /_rels/.rels
13:05:48.198 [main] DEBUG org.apache.poi.ooxml.POIXMLFactory - using default POIXMLDocumentPart for http://schemas.openxmlformats.org/officeDocument/2006/relationships/printerSettings
13:05:48.204 [main] DEBUG org.apache.poi.openxml4j.opc.PackageRelationshipCollection - Parsing relationship: /xl/_rels/workbook.xml.rels
13:05:48.205 [main] DEBUG org.apache.poi.openxml4j.opc.PackageRelationshipCollection - Parsing relationship: /xl/worksheets/_rels/sheet1.xml.rels
13:05:48.205 [main] DEBUG org.apache.poi.openxml4j.opc.PackageRelationshipCollection - Parsing relationship: /_rels/.rels
13:05:48.210 [main] DEBUG org.apache.poi.ooxml.POIXMLFactory - using default POIXMLDocumentPart for http://schemas.openxmlformats.org/officeDocument/2006/relationships/printerSettings
13:05:48.215 [main] DEBUG org.apache.poi.openxml4j.opc.PackageRelationshipCollection - Parsing relationship: /xl/_rels/workbook.xml.rels
13:05:48.215 [main] DEBUG org.apache.poi.openxml4j.opc.PackageRelationshipCollection - Parsing relationship: /xl/worksheets/_rels/sheet1.xml.rels
13:05:48.216 [main] DEBUG org.apache.poi.openxml4j.opc.PackageRelationshipCollection - Parsing relationship: /_rels/.rels
13:05:48.220 [main] DEBUG org.apache.poi.ooxml.POIXMLFactory - using default POIXMLDocumentPart for http://schemas.openxmlformats.org/officeDocument/2006/relationships/printerSettings
13:05:48.224 [main] DEBUG org.apache.poi.openxml4j.opc.PackageRelationshipCollection - Parsing relationship: /xl/_rels/workbook.xml.rels
13:05:48.224 [main] DEBUG org.apache.poi.openxml4j.opc.PackageRelationshipCollection - Parsing relationship: /xl/worksheets/_rels/sheet1.xml.rels
13:05:48.226 [main] DEBUG org.apache.poi.openxml4j.opc.PackageRelationshipCollection - Parsing relationship: /_rels/.rels
13:05:48.229 [main] DEBUG org.apache.poi.ooxml.POIXMLFactory - using default POIXMLDocumentPart for http://schemas.openxmlformats.org/officeDocument/2006/relationships/printerSettings
13:05:53.539 [main] DEBUG org.apache.poi.openxml4j.opc.PackageRelationshipCollection - Parsing relationship: /xl/_rels/workbook.xml.rels
13:05:53.541 [main] DEBUG org.apache.poi.openxml4j.opc.PackageRelationshipCollection - Parsing relationship: /xl/worksheets/_rels/sheet1.xml.rels
13:05:53.544 [main] DEBUG org.apache.poi.openxml4j.opc.PackageRelationshipCollection - Parsing relationship: /_rels/.rels
13:05:53.561 [main] DEBUG org.apache.poi.ooxml.POIXMLFactory - using default POIXMLDocumentPart for http://schemas.openxmlformats.org/officeDocument/2006/relationships/printerSettings
13:05:53.566 [main] DEBUG org.apache.poi.openxml4j.opc.PackageRelationshipCollection - Parsing relationship: /xl/_rels/workbook.xml.rels
13:05:53.567 [main] DEBUG org.apache.poi.openxml4j.opc.PackageRelationshipCollection - Parsing relationship: /xl/worksheets/_rels/sheet1.xml.rels
13:05:53.567 [main] DEBUG org.apache.poi.openxml4j.opc.PackageRelationshipCollection - Parsing relationship: /_rels/.rels
13:05:53.571 [main] DEBUG org.apache.poi.ooxml.POIXMLFactory - using default POIXMLDocumentPart for http://schemas.openxmlformats.org/officeDocument/2006/relationships/printerSettings
13:05:53.577 [main] DEBUG org.apache.poi.openxml4j.opc.PackageRelationshipCollection - Parsing relationship: /xl/_rels/workbook.xml.rels
13:05:53.578 [main] DEBUG org.apache.poi.openxml4j.opc.PackageRelationshipCollection - Parsing relationship: /xl/worksheets/_rels/sheet1.xml.rels
13:05:53.578 [main] DEBUG org.apache.poi.openxml4j.opc.PackageRelationshipCollection - Parsing relationship: /_rels/.rels
13:05:53.582 [main] DEBUG org.apache.poi.ooxml.POIXMLFactory - using default POIXMLDocumentPart for http://schemas.openxmlformats.org/officeDocument/2006/relationships/printerSettings
13:05:53.587 [main] DEBUG org.apache.poi.openxml4j.opc.PackageRelationshipCollection - Parsing relationship: /xl/_rels/workbook.xml.rels
13:05:53.588 [main] DEBUG org.apache.poi.openxml4j.opc.PackageRelationshipCollection - Parsing relationship: /xl/worksheets/_rels/sheet1.xml.rels
13:05:53.589 [main] DEBUG org.apache.poi.openxml4j.opc.PackageRelationshipCollection - Parsing relationship: /_rels/.rels
13:05:53.593 [main] DEBUG org.apache.poi.ooxml.POIXMLFactory - using default POIXMLDocumentPart for http://schemas.openxmlformats.org/officeDocument/2006/relationships/printerSettings
13:05:57.848 [main] INFO  api.test.StoreTests - ********** Creating Store Order **********
13:05:59.216 [main] INFO  api.test.StoreTests - ********** Store Order is created **********
13:05:59.219 [main] INFO  api.test.StoreTests - ********** Reading Store Order Info **********
13:06:00.592 [main] INFO  api.test.StoreTests - ********** Store Order Info is displayed **********
13:06:00.593 [main] INFO  api.test.StoreTests - ********** Deleting Store **********
13:06:01.911 [main] INFO  api.test.StoreTests - ********** Store Order deleted **********
13:06:02.02 [main] INFO  api.test.UserTests - ********** Creating User **********
13:06:03.368 [main] INFO  api.test.UserTests - ********** User is created **********
13:06:03.371 [main] INFO  api.test.UserTests - ********** Reading User Info **********
13:06:04.665 [main] INFO  api.test.UserTests - ********** User Info is displayed **********
13:06:04.667 [main] INFO  api.test.UserTests - ********** Updating User **********
13:06:05.984 [main] INFO  api.test.UserTests - ********** User is updated **********
13:06:07.305 [main] INFO  api.test.UserTests - ********** Deleting User **********
13:06:08.602 [main] INFO  api.test.UserTests - ********** User deleted **********
13:10:19.967 [main] INFO  api.test.StoreTests - ********** Creating Store Order **********
13:10:22.536 [main] INFO  api.test.StoreTests - ********** Store Order is created **********
13:10:22.543 [main] INFO  api.test.StoreTests - ********** Reading Store Order Info **********
13:10:23.860 [main] INFO  api.test.StoreTests - ********** Store Order Info is displayed **********
13:10:23.864 [main] INFO  api.test.StoreTests - ********** Deleting Store **********
13:10:25.199 [main] INFO  api.test.StoreTests - ********** Store Order deleted **********
13:27:11.735 [main] INFO  api.test.StoreTests - ********** Creating Store Order **********
13:27:15.251 [main] INFO  api.test.StoreTests - ********** Store Order is created **********
13:27:15.251 [main] INFO  api.test.StoreTests - ********** Reading Store Order Info **********
13:27:16.818 [main] INFO  api.test.StoreTests - ********** Store Order Info is displayed **********
13:27:16.825 [main] INFO  api.test.StoreTests - ********** Deleting Store **********
13:27:18.449 [main] INFO  api.test.StoreTests - ********** Store Order deleted **********
20:20:52.641 [main] INFO  api.test.PetTests - ********** Creating Pet **********
20:20:55.385 [main] INFO  api.test.PetTests - ********** Pet is created **********
20:20:55.394 [main] INFO  api.test.PetTests - ********** Reading Pet Info **********
20:20:56.738 [main] INFO  api.test.PetTests - ********** Pet Info is displayed **********
20:20:56.743 [main] INFO  api.test.PetTests - ********** Get Pet Info Using Status **********
20:20:59.15 [main] INFO  api.test.PetTests - ********** Pet Info is displayed **********
20:22:28.915 [main] INFO  api.test.PetTests - ********** Creating Pet **********
20:22:31.513 [main] INFO  api.test.PetTests - ********** Pet is created **********
20:22:31.521 [main] INFO  api.test.PetTests - ********** Reading Pet Info **********
20:22:32.841 [main] INFO  api.test.PetTests - ********** Pet Info is displayed **********
20:22:32.847 [main] INFO  api.test.PetTests - ********** Get Pet Info Using Status **********
20:22:34.988 [main] INFO  api.test.PetTests - ********** Pet Info is displayed **********
20:24:51.27 [main] INFO  api.test.PetTests - ********** Creating Pet **********
20:24:53.604 [main] INFO  api.test.PetTests - ********** Pet is created **********
20:24:53.616 [main] INFO  api.test.PetTests - ********** Reading Pet Info **********
20:24:54.992 [main] INFO  api.test.PetTests - ********** Pet Info is displayed **********
20:24:54.997 [main] INFO  api.test.PetTests - ********** Get Pet Info Using Status **********
20:24:57.208 [main] INFO  api.test.PetTests - ********** Pet Info is displayed **********
21:31:16.146 [main] INFO  api.test.PetTests - ********** Creating Pet **********
21:31:18.817 [main] INFO  api.test.PetTests - ********** Pet is created **********
21:31:18.843 [main] INFO  api.test.PetTests - ********** Reading Pet Info **********
21:31:20.200 [main] INFO  api.test.PetTests - ********** Pet Info is displayed **********
21:31:20.205 [main] INFO  api.test.PetTests - ********** Get Pet Info Using Status **********
21:31:22.381 [main] INFO  api.test.PetTests - ********** Pet Info is displayed **********
21:33:24.632 [main] INFO  api.test.PetTests - ********** Creating Pet **********
21:33:27.304 [main] INFO  api.test.PetTests - ********** Pet is created **********
21:33:27.312 [main] INFO  api.test.PetTests - ********** Reading Pet Info **********
21:33:28.664 [main] INFO  api.test.PetTests - ********** Pet Info is displayed **********
21:33:28.670 [main] INFO  api.test.PetTests - ********** Get Pet Info Using Status **********
21:33:30.850 [main] INFO  api.test.PetTests - ********** Pet Info is displayed **********
21:36:41.264 [main] INFO  api.test.PetTests - ********** Creating Pet **********
21:36:44.755 [main] INFO  api.test.PetTests - ********** Pet is created **********
21:36:44.767 [main] INFO  api.test.PetTests - ********** Reading Pet Info **********
21:36:46.407 [main] INFO  api.test.PetTests - ********** Pet Info is displayed **********
21:36:46.434 [main] INFO  api.test.PetTests - ********** Get Pet Info Using Status **********
21:36:49.376 [main] INFO  api.test.PetTests - ********** Pet Info is displayed **********
21:40:56.418 [main] INFO  api.test.PetTests - ********** Creating Pet **********
21:41:00.134 [main] INFO  api.test.PetTests - ********** Pet is created **********
21:41:00.142 [main] INFO  api.test.PetTests - ********** Reading Pet Info **********
21:41:01.940 [main] INFO  api.test.PetTests - ********** Pet Info is displayed **********
21:41:01.975 [main] INFO  api.test.PetTests - ********** Get Pet Info Using Status **********
21:41:05.119 [main] INFO  api.test.PetTests - ********** Pet Info is displayed **********
21:41:05.135 [main] INFO  api.test.PetTests - ********** Deleting Pet **********
21:41:06.805 [main] INFO  api.test.PetTests - ********** Pet deleted **********
